<?xml version="1.0" encoding="UTF-8"?>
<!-- Generated by org.testng.reporters.JUnitReportReporter -->
<testsuite skipped="0" hostname="ojt17-PC" name="DriverFactory.AppTest" tests="1" failures="0" timestamp="9 Jan 2020 12:23:40 GMT" time="14.864" errors="0">
  <testcase name="startTest" time="14.864" classname="DriverFactory.AppTest"/>
</testsuite> <!-- DriverFactory.AppTest -->
