<?xml version="1.0" encoding="UTF-8"?>
<!-- Generated by org.testng.reporters.JUnitReportReporter -->
<testsuite skipped="0" hostname="ojt17-PC" name="DriverFactory.DataDriven" tests="1" failures="0" timestamp="31 Dec 2019 11:33:59 GMT" time="105.401" errors="0">
  <testcase name="supplierCreation" time="105.401" classname="DriverFactory.DataDriven"/>
</testsuite> <!-- DriverFactory.DataDriven -->
