<?xml version="1.0" encoding="UTF-8"?>
<!-- Generated by org.testng.reporters.JUnitReportReporter -->
<testsuite hostname="ojt17-PC" name="DriverFactory.DriverScript" tests="1" failures="0" timestamp="9 Jan 2020 12:46:09 GMT" time="229.106" errors="0">
  <testcase name="ERP_Account" time="229.106" classname="DriverFactory.DriverScript"/>
</testsuite> <!-- DriverFactory.DriverScript -->
